<?xml version="1.0" encoding="UTF-8"?>
<!-- Generated by org.testng.reporters.JUnitReportReporter -->
<testsuite hostname="DESKTOP-3HNIJPN" failures="0" tests="1" name="com.Webtable.WebTableTwo" time="5.682" errors="0" timestamp="2022-10-06T09:57:11 EDT" skipped="0">
  <testcase classname="com.Webtable.WebTableTwo" name="tableTwo" time="5.682"/>
  <system-out/>
</testsuite> <!-- com.Webtable.WebTableTwo -->
