<?xml version="1.0" encoding="UTF-8"?>
<!-- Generated by org.testng.reporters.JUnitReportReporter -->
<testsuite hostname="DESKTOP-3HNIJPN" failures="0" tests="1" name="com.Webtable.webtable" time="4.686" errors="0" timestamp="2022-10-06T09:44:13 EDT" skipped="0">
  <testcase classname="com.Webtable.webtable" name="verifyTable" time="4.686"/>
  <system-out/>
</testsuite> <!-- com.Webtable.webtable -->
